<?xml version="1.0" encoding="UTF-8"?>
<testsuite name="UserRegistrationTest" tests="1" skipped="0" failures="0" errors="0" timestamp="2021-07-30T21:17:51" hostname="DESKTOP-KLF40L0" time="0.013">
  <properties/>
  <testcase name="Email_WhenValidated_ShouldReturnTrue" classname="UserRegistrationTest" time="0.013"/>
  <system-out><![CDATA[thank you
]]></system-out>
  <system-err><![CDATA[]]></system-err>
</testsuite>
